<?xml version="1.0" encoding="UTF-8"?>
<Site BuildName="Linux-g++"
	BuildStamp="20240603-0029-Experimental"
	Name="Dell-Inspiron"
	Generator="ctest-3.25.1"
	CompilerName="/usr/bin/g++"
	CompilerVersion="12.2.0"
	OSName="Linux"
	Hostname="Dell-Inspiron"
	OSRelease="6.1.0-21-amd64"
	OSVersion="#1 SMP PREEMPT_DYNAMIC Debian 6.1.90-1 (2024-05-03)"
	OSPlatform="x86_64"
	Is64Bits="1"
	VendorString="GenuineIntel"
	VendorID="Intel Corporation"
	FamilyID="6"
	ModelID="142"
	ProcessorCacheSize="6144"
	NumberOfLogicalCPU="8"
	NumberOfPhysicalCPU="4"
	TotalVirtualMemory="8010"
	TotalPhysicalMemory="7654"
	LogicalProcessorsPerPhysical="2"
	ProcessorClockFrequency="1900"
	>
	<Testing>
		<StartDateTime>Jun 02 19:29 CDT</StartDateTime>
		<StartTestTime>1717374547</StartTestTime>
		<TestList/>
		<EndDateTime>Jun 02 19:29 CDT</EndDateTime>
		<EndTestTime>1717374547</EndTestTime>
		<ElapsedMinutes>0</ElapsedMinutes>
	</Testing>
</Site>
