<?xml version="1.0" encoding="UTF-8"?>
<Site BuildName="Linux-g++"
	BuildStamp="20240408-0045-Experimental"
	Name="Dell-Inspiron"
	Generator="ctest-3.25.1"
	CompilerName="/usr/bin/g++"
	CompilerVersion="12.2.0"
	OSName="Linux"
	Hostname="Dell-Inspiron"
	OSRelease="6.1.0-18-amd64"
	OSVersion="#1 SMP PREEMPT_DYNAMIC Debian 6.1.76-1 (2024-02-01)"
	OSPlatform="x86_64"
	Is64Bits="1"
	VendorString="GenuineIntel"
	VendorID="Intel Corporation"
	FamilyID="6"
	ModelID="142"
	ProcessorCacheSize="6144"
	NumberOfLogicalCPU="8"
	NumberOfPhysicalCPU="4"
	TotalVirtualMemory="8010"
	TotalPhysicalMemory="7654"
	LogicalProcessorsPerPhysical="2"
	ProcessorClockFrequency="1719.36"
	>
	<Testing>
		<StartDateTime>Apr 07 20:27 CDT</StartDateTime>
		<StartTestTime>1712539636</StartTestTime>
		<TestList/>
		<EndDateTime>Apr 07 20:27 CDT</EndDateTime>
		<EndTestTime>1712539636</EndTestTime>
		<ElapsedMinutes>0</ElapsedMinutes>
	</Testing>
</Site>
